<?xml version="1.0" encoding="UTF-8"?>
<testng-results ignored="0" total="2" passed="2" failed="0" skipped="0">
  <reporter-output>
  </reporter-output>
  <suite started-at="2022-03-12T17:25:16 IST" name="Default suite" finished-at="2022-03-12T17:25:41 IST" duration-ms="25814">
    <groups>
    </groups>
    <test started-at="2022-03-12T17:25:16 IST" name="Default test" finished-at="2022-03-12T17:25:41 IST" duration-ms="25814">
      <class name="com.TestNG.TestNG">
        <test-method is-config="true" signature="setUp()[pri:0, instance:com.TestNG.TestNG@53976f5c]" started-at="2022-03-12T17:25:16 IST" name="setUp" finished-at="2022-03-12T17:25:29 IST" duration-ms="12945" status="PASS">
          <reporter-output>
          </reporter-output>
        </test-method> <!-- setUp -->
        <test-method signature="verifyPageTitleTest()[pri:1, instance:com.TestNG.TestNG@53976f5c]" started-at="2022-03-12T17:25:29 IST" name="verifyPageTitleTest" finished-at="2022-03-12T17:25:29 IST" duration-ms="25" status="PASS">
          <reporter-output>
          </reporter-output>
        </test-method> <!-- verifyPageTitleTest -->
        <test-method is-config="true" signature="tearDown()[pri:0, instance:com.TestNG.TestNG@53976f5c]" started-at="2022-03-12T17:25:29 IST" name="tearDown" finished-at="2022-03-12T17:25:29 IST" duration-ms="878" status="PASS">
          <reporter-output>
          </reporter-output>
        </test-method> <!-- tearDown -->
        <test-method is-config="true" signature="setUp()[pri:0, instance:com.TestNG.TestNG@53976f5c]" started-at="2022-03-12T17:25:29 IST" name="setUp" finished-at="2022-03-12T17:25:40 IST" duration-ms="10876" status="PASS">
          <reporter-output>
          </reporter-output>
        </test-method> <!-- setUp -->
        <test-method signature="verifyFreeCRMLogoTest()[pri:2, instance:com.TestNG.TestNG@53976f5c]" started-at="2022-03-12T17:25:40 IST" name="verifyFreeCRMLogoTest" finished-at="2022-03-12T17:25:40 IST" duration-ms="112" status="PASS">
          <reporter-output>
          </reporter-output>
        </test-method> <!-- verifyFreeCRMLogoTest -->
        <test-method is-config="true" signature="tearDown()[pri:0, instance:com.TestNG.TestNG@53976f5c]" started-at="2022-03-12T17:25:40 IST" name="tearDown" finished-at="2022-03-12T17:25:41 IST" duration-ms="910" status="PASS">
          <reporter-output>
          </reporter-output>
        </test-method> <!-- tearDown -->
      </class> <!-- com.TestNG.TestNG -->
    </test> <!-- Default test -->
  </suite> <!-- Default suite -->
</testng-results>
